<?xml version="1.0" encoding="UTF-8"?>
<!-- Generated by org.testng.reporters.JUnitReportReporter -->
<testsuite hostname="DESKTOP-U5BOPOB" failures="0" tests="1" name="helloworld_kumari.TestHelloWorld" time="0.004" errors="0" timestamp="2021-02-22T23:19:27 EST" skipped="0">
  <testcase classname="helloworld_kumari.TestHelloWorld" name="testHelloWorld" time="0.004"/>
  <system-out/>
</testsuite> <!-- helloworld_kumari.TestHelloWorld -->
